2025-10-25 08:39:02.268 [ERROR]: Not found
2025-10-25 08:39:02.291 [ERROR]: Error: Not found
    at BaseService.delete (D:\projet\sodim\Angluar 18\OGC\projet\backend\app\features\base\CRUD\services\baseService.js:28:30)
    at process.processTicksAndRejections (node:internal/process/task_queues:105:5)
    at async BaseController.delete (D:\projet\sodim\Angluar 18\OGC\projet\backend\app\features\base\CRUD\baseController.js:47:13)
2025-10-25 08:39:32.348 [ERROR]: Not found
2025-10-25 08:39:32.349 [ERROR]: Error: Not found
    at BaseService.delete (D:\projet\sodim\Angluar 18\OGC\projet\backend\app\features\base\CRUD\services\baseService.js:28:30)
    at process.processTicksAndRejections (node:internal/process/task_queues:105:5)
    at async BaseController.delete (D:\projet\sodim\Angluar 18\OGC\projet\backend\app\features\base\CRUD\baseController.js:47:13)
2025-10-25 08:39:42.974 [ERROR]: Not found
2025-10-25 08:39:42.974 [ERROR]: Error: Not found
    at BaseService.delete (D:\projet\sodim\Angluar 18\OGC\projet\backend\app\features\base\CRUD\services\baseService.js:28:30)
    at process.processTicksAndRejections (node:internal/process/task_queues:105:5)
    at async BaseController.delete (D:\projet\sodim\Angluar 18\OGC\projet\backend\app\features\base\CRUD\baseController.js:47:13)
2025-10-25 09:54:54.565 [ERROR]: Not found
2025-10-25 09:54:54.570 [ERROR]: Error: Not found
    at BaseService.delete (D:\projet\sodim\Angluar 18\OGC\projet\backend\app\features\base\CRUD\services\baseService.js:28:30)
    at process.processTicksAndRejections (node:internal/process/task_queues:105:5)
    at async BaseController.delete (D:\projet\sodim\Angluar 18\OGC\projet\backend\app\features\base\CRUD\baseController.js:47:13)
2025-10-25 09:54:54.749 [ERROR]: Not found
2025-10-25 09:54:54.750 [ERROR]: Error: Not found
    at BaseService.delete (D:\projet\sodim\Angluar 18\OGC\projet\backend\app\features\base\CRUD\services\baseService.js:28:30)
    at process.processTicksAndRejections (node:internal/process/task_queues:105:5)
    at async BaseController.delete (D:\projet\sodim\Angluar 18\OGC\projet\backend\app\features\base\CRUD\baseController.js:47:13)
2025-10-25 09:54:54.919 [ERROR]: Not found
2025-10-25 09:54:54.919 [ERROR]: Error: Not found
    at BaseService.delete (D:\projet\sodim\Angluar 18\OGC\projet\backend\app\features\base\CRUD\services\baseService.js:28:30)
    at process.processTicksAndRejections (node:internal/process/task_queues:105:5)
    at async BaseController.delete (D:\projet\sodim\Angluar 18\OGC\projet\backend\app\features\base\CRUD\baseController.js:47:13)
