2025-10-17 08:38:31.653 [ERROR]: notNull Violation: collaborateurs.nom_collab cannot be null,
notNull Violation: collaborateurs.prenom_collab cannot be null,
notNull Violation: collaborateurs.login cannot be null,
notNull Violation: collaborateurs.id_departement cannot be null
2025-10-17 08:38:31.657 [ERROR]: SequelizeValidationError: notNull Violation: collaborateurs.nom_collab cannot be null,
notNull Violation: collaborateurs.prenom_collab cannot be null,
notNull Violation: collaborateurs.login cannot be null,
notNull Violation: collaborateurs.id_departement cannot be null
    at InstanceValidator._validate (D:\projet\sodim\Angluar 18\OGC\projet\backend\node_modules\sequelize\lib\instance-validator.js:50:13)
    at process.processTicksAndRejections (node:internal/process/task_queues:105:5)
    at async InstanceValidator._validateAndRunHooks (D:\projet\sodim\Angluar 18\OGC\projet\backend\node_modules\sequelize\lib\instance-validator.js:60:7)
    at async InstanceValidator.validate (D:\projet\sodim\Angluar 18\OGC\projet\backend\node_modules\sequelize\lib\instance-validator.js:54:12)
    at async model.save (D:\projet\sodim\Angluar 18\OGC\projet\backend\node_modules\sequelize\lib\model.js:2426:7)
    at async collaborateurs.create (D:\projet\sodim\Angluar 18\OGC\projet\backend\node_modules\sequelize\lib\model.js:1362:12)
    at async BaseService.create (D:\projet\sodim\Angluar 18\OGC\projet\backend\app\features\base\CRUD\services\baseService.js:7:16)
    at async BaseController.create (D:\projet\sodim\Angluar 18\OGC\projet\backend\app\features\base\CRUD\baseController.js:10:28)
2025-10-17 08:39:27.566 [ERROR]: notNull Violation: collaborateurs.nom_collab cannot be null,
notNull Violation: collaborateurs.prenom_collab cannot be null,
notNull Violation: collaborateurs.login cannot be null,
notNull Violation: collaborateurs.id_departement cannot be null
2025-10-17 08:39:27.571 [ERROR]: SequelizeValidationError: notNull Violation: collaborateurs.nom_collab cannot be null,
notNull Violation: collaborateurs.prenom_collab cannot be null,
notNull Violation: collaborateurs.login cannot be null,
notNull Violation: collaborateurs.id_departement cannot be null
    at InstanceValidator._validate (D:\projet\sodim\Angluar 18\OGC\projet\backend\node_modules\sequelize\lib\instance-validator.js:50:13)
    at process.processTicksAndRejections (node:internal/process/task_queues:105:5)
    at async InstanceValidator._validateAndRunHooks (D:\projet\sodim\Angluar 18\OGC\projet\backend\node_modules\sequelize\lib\instance-validator.js:60:7)
    at async InstanceValidator.validate (D:\projet\sodim\Angluar 18\OGC\projet\backend\node_modules\sequelize\lib\instance-validator.js:54:12)
    at async model.save (D:\projet\sodim\Angluar 18\OGC\projet\backend\node_modules\sequelize\lib\model.js:2426:7)
    at async collaborateurs.create (D:\projet\sodim\Angluar 18\OGC\projet\backend\node_modules\sequelize\lib\model.js:1362:12)
    at async BaseService.create (D:\projet\sodim\Angluar 18\OGC\projet\backend\app\features\base\CRUD\services\baseService.js:7:16)
    at async BaseController.create (D:\projet\sodim\Angluar 18\OGC\projet\backend\app\features\base\CRUD\baseController.js:10:28)
2025-10-17 08:40:27.608 [ERROR]: notNull Violation: collaborateurs.nom_collab cannot be null,
notNull Violation: collaborateurs.prenom_collab cannot be null,
notNull Violation: collaborateurs.login cannot be null,
notNull Violation: collaborateurs.id_departement cannot be null
2025-10-17 08:40:27.612 [ERROR]: SequelizeValidationError: notNull Violation: collaborateurs.nom_collab cannot be null,
notNull Violation: collaborateurs.prenom_collab cannot be null,
notNull Violation: collaborateurs.login cannot be null,
notNull Violation: collaborateurs.id_departement cannot be null
    at InstanceValidator._validate (D:\projet\sodim\Angluar 18\OGC\projet\backend\node_modules\sequelize\lib\instance-validator.js:50:13)
    at process.processTicksAndRejections (node:internal/process/task_queues:105:5)
    at async InstanceValidator._validateAndRunHooks (D:\projet\sodim\Angluar 18\OGC\projet\backend\node_modules\sequelize\lib\instance-validator.js:60:7)
    at async InstanceValidator.validate (D:\projet\sodim\Angluar 18\OGC\projet\backend\node_modules\sequelize\lib\instance-validator.js:54:12)
    at async model.save (D:\projet\sodim\Angluar 18\OGC\projet\backend\node_modules\sequelize\lib\model.js:2426:7)
    at async collaborateurs.create (D:\projet\sodim\Angluar 18\OGC\projet\backend\node_modules\sequelize\lib\model.js:1362:12)
    at async BaseService.create (D:\projet\sodim\Angluar 18\OGC\projet\backend\app\features\base\CRUD\services\baseService.js:7:16)
    at async BaseController.create (D:\projet\sodim\Angluar 18\OGC\projet\backend\app\features\base\CRUD\baseController.js:10:28)
2025-10-17 10:16:52.409 [ERROR]: departementService is not defined
2025-10-17 10:16:52.433 [ERROR]: ReferenceError: departementService is not defined
    at getDepartementPaginated (D:\projet\sodim\Angluar 18\OGC\projet\backend\app\features\collaborateurs\collaborateurs.controller.js:29:19)
    at Layer.handleRequest (D:\projet\sodim\Angluar 18\OGC\projet\backend\node_modules\router\lib\layer.js:152:17)
    at next (D:\projet\sodim\Angluar 18\OGC\projet\backend\node_modules\router\lib\route.js:157:13)
    at Route.dispatch (D:\projet\sodim\Angluar 18\OGC\projet\backend\node_modules\router\lib\route.js:117:3)
    at handle (D:\projet\sodim\Angluar 18\OGC\projet\backend\node_modules\router\index.js:435:11)
    at Layer.handleRequest (D:\projet\sodim\Angluar 18\OGC\projet\backend\node_modules\router\lib\layer.js:152:17)
    at D:\projet\sodim\Angluar 18\OGC\projet\backend\node_modules\router\index.js:295:15
    at processParams (D:\projet\sodim\Angluar 18\OGC\projet\backend\node_modules\router\index.js:582:12)
    at next (D:\projet\sodim\Angluar 18\OGC\projet\backend\node_modules\router\index.js:291:5)
    at Function.handle (D:\projet\sodim\Angluar 18\OGC\projet\backend\node_modules\router\index.js:186:3)
2025-10-17 10:16:52.458 [ERROR]: departementService is not defined
2025-10-17 10:16:52.458 [ERROR]: ReferenceError: departementService is not defined
    at getDepartementPaginated (D:\projet\sodim\Angluar 18\OGC\projet\backend\app\features\collaborateurs\collaborateurs.controller.js:29:19)
    at Layer.handleRequest (D:\projet\sodim\Angluar 18\OGC\projet\backend\node_modules\router\lib\layer.js:152:17)
    at next (D:\projet\sodim\Angluar 18\OGC\projet\backend\node_modules\router\lib\route.js:157:13)
    at Route.dispatch (D:\projet\sodim\Angluar 18\OGC\projet\backend\node_modules\router\lib\route.js:117:3)
    at handle (D:\projet\sodim\Angluar 18\OGC\projet\backend\node_modules\router\index.js:435:11)
    at Layer.handleRequest (D:\projet\sodim\Angluar 18\OGC\projet\backend\node_modules\router\lib\layer.js:152:17)
    at D:\projet\sodim\Angluar 18\OGC\projet\backend\node_modules\router\index.js:295:15
    at processParams (D:\projet\sodim\Angluar 18\OGC\projet\backend\node_modules\router\index.js:582:12)
    at next (D:\projet\sodim\Angluar 18\OGC\projet\backend\node_modules\router\index.js:291:5)
    at Function.handle (D:\projet\sodim\Angluar 18\OGC\projet\backend\node_modules\router\index.js:186:3)
2025-10-17 10:16:55.743 [ERROR]: CompteService is not defined
2025-10-17 10:16:55.744 [ERROR]: ReferenceError: CompteService is not defined
    at getComptePaginated (D:\projet\sodim\Angluar 18\OGC\projet\backend\app\features\collaborateurs\collaborateurs.controller.js:18:19)
    at Layer.handleRequest (D:\projet\sodim\Angluar 18\OGC\projet\backend\node_modules\router\lib\layer.js:152:17)
    at next (D:\projet\sodim\Angluar 18\OGC\projet\backend\node_modules\router\lib\route.js:157:13)
    at Route.dispatch (D:\projet\sodim\Angluar 18\OGC\projet\backend\node_modules\router\lib\route.js:117:3)
    at handle (D:\projet\sodim\Angluar 18\OGC\projet\backend\node_modules\router\index.js:435:11)
    at Layer.handleRequest (D:\projet\sodim\Angluar 18\OGC\projet\backend\node_modules\router\lib\layer.js:152:17)
    at D:\projet\sodim\Angluar 18\OGC\projet\backend\node_modules\router\index.js:295:15
    at processParams (D:\projet\sodim\Angluar 18\OGC\projet\backend\node_modules\router\index.js:582:12)
    at next (D:\projet\sodim\Angluar 18\OGC\projet\backend\node_modules\router\index.js:291:5)
    at Function.handle (D:\projet\sodim\Angluar 18\OGC\projet\backend\node_modules\router\index.js:186:3)
2025-10-17 10:16:55.768 [ERROR]: CompteService is not defined
2025-10-17 10:16:55.768 [ERROR]: ReferenceError: CompteService is not defined
    at getComptePaginated (D:\projet\sodim\Angluar 18\OGC\projet\backend\app\features\collaborateurs\collaborateurs.controller.js:18:19)
    at Layer.handleRequest (D:\projet\sodim\Angluar 18\OGC\projet\backend\node_modules\router\lib\layer.js:152:17)
    at next (D:\projet\sodim\Angluar 18\OGC\projet\backend\node_modules\router\lib\route.js:157:13)
    at Route.dispatch (D:\projet\sodim\Angluar 18\OGC\projet\backend\node_modules\router\lib\route.js:117:3)
    at handle (D:\projet\sodim\Angluar 18\OGC\projet\backend\node_modules\router\index.js:435:11)
    at Layer.handleRequest (D:\projet\sodim\Angluar 18\OGC\projet\backend\node_modules\router\lib\layer.js:152:17)
    at D:\projet\sodim\Angluar 18\OGC\projet\backend\node_modules\router\index.js:295:15
    at processParams (D:\projet\sodim\Angluar 18\OGC\projet\backend\node_modules\router\index.js:582:12)
    at next (D:\projet\sodim\Angluar 18\OGC\projet\backend\node_modules\router\index.js:291:5)
    at Function.handle (D:\projet\sodim\Angluar 18\OGC\projet\backend\node_modules\router\index.js:186:3)
2025-10-17 10:16:59.676 [ERROR]: managerService is not defined
2025-10-17 10:16:59.677 [ERROR]: ReferenceError: managerService is not defined
    at getManagerPaginated (D:\projet\sodim\Angluar 18\OGC\projet\backend\app\features\collaborateurs\collaborateurs.controller.js:40:19)
    at Layer.handleRequest (D:\projet\sodim\Angluar 18\OGC\projet\backend\node_modules\router\lib\layer.js:152:17)
    at next (D:\projet\sodim\Angluar 18\OGC\projet\backend\node_modules\router\lib\route.js:157:13)
    at Route.dispatch (D:\projet\sodim\Angluar 18\OGC\projet\backend\node_modules\router\lib\route.js:117:3)
    at handle (D:\projet\sodim\Angluar 18\OGC\projet\backend\node_modules\router\index.js:435:11)
    at Layer.handleRequest (D:\projet\sodim\Angluar 18\OGC\projet\backend\node_modules\router\lib\layer.js:152:17)
    at D:\projet\sodim\Angluar 18\OGC\projet\backend\node_modules\router\index.js:295:15
    at processParams (D:\projet\sodim\Angluar 18\OGC\projet\backend\node_modules\router\index.js:582:12)
    at next (D:\projet\sodim\Angluar 18\OGC\projet\backend\node_modules\router\index.js:291:5)
    at Function.handle (D:\projet\sodim\Angluar 18\OGC\projet\backend\node_modules\router\index.js:186:3)
2025-10-17 10:16:59.687 [ERROR]: managerService is not defined
2025-10-17 10:16:59.688 [ERROR]: ReferenceError: managerService is not defined
    at getManagerPaginated (D:\projet\sodim\Angluar 18\OGC\projet\backend\app\features\collaborateurs\collaborateurs.controller.js:40:19)
    at Layer.handleRequest (D:\projet\sodim\Angluar 18\OGC\projet\backend\node_modules\router\lib\layer.js:152:17)
    at next (D:\projet\sodim\Angluar 18\OGC\projet\backend\node_modules\router\lib\route.js:157:13)
    at Route.dispatch (D:\projet\sodim\Angluar 18\OGC\projet\backend\node_modules\router\lib\route.js:117:3)
    at handle (D:\projet\sodim\Angluar 18\OGC\projet\backend\node_modules\router\index.js:435:11)
    at Layer.handleRequest (D:\projet\sodim\Angluar 18\OGC\projet\backend\node_modules\router\lib\layer.js:152:17)
    at D:\projet\sodim\Angluar 18\OGC\projet\backend\node_modules\router\index.js:295:15
    at processParams (D:\projet\sodim\Angluar 18\OGC\projet\backend\node_modules\router\index.js:582:12)
    at next (D:\projet\sodim\Angluar 18\OGC\projet\backend\node_modules\router\index.js:291:5)
    at Function.handle (D:\projet\sodim\Angluar 18\OGC\projet\backend\node_modules\router\index.js:186:3)
2025-10-17 10:17:04.013 [ERROR]: departementService is not defined
2025-10-17 10:17:04.013 [ERROR]: ReferenceError: departementService is not defined
    at getDepartementPaginated (D:\projet\sodim\Angluar 18\OGC\projet\backend\app\features\collaborateurs\collaborateurs.controller.js:29:19)
    at Layer.handleRequest (D:\projet\sodim\Angluar 18\OGC\projet\backend\node_modules\router\lib\layer.js:152:17)
    at next (D:\projet\sodim\Angluar 18\OGC\projet\backend\node_modules\router\lib\route.js:157:13)
    at Route.dispatch (D:\projet\sodim\Angluar 18\OGC\projet\backend\node_modules\router\lib\route.js:117:3)
    at handle (D:\projet\sodim\Angluar 18\OGC\projet\backend\node_modules\router\index.js:435:11)
    at Layer.handleRequest (D:\projet\sodim\Angluar 18\OGC\projet\backend\node_modules\router\lib\layer.js:152:17)
    at D:\projet\sodim\Angluar 18\OGC\projet\backend\node_modules\router\index.js:295:15
    at processParams (D:\projet\sodim\Angluar 18\OGC\projet\backend\node_modules\router\index.js:582:12)
    at next (D:\projet\sodim\Angluar 18\OGC\projet\backend\node_modules\router\index.js:291:5)
    at Function.handle (D:\projet\sodim\Angluar 18\OGC\projet\backend\node_modules\router\index.js:186:3)
2025-10-17 10:17:04.041 [ERROR]: departementService is not defined
2025-10-17 10:17:04.041 [ERROR]: ReferenceError: departementService is not defined
    at getDepartementPaginated (D:\projet\sodim\Angluar 18\OGC\projet\backend\app\features\collaborateurs\collaborateurs.controller.js:29:19)
    at Layer.handleRequest (D:\projet\sodim\Angluar 18\OGC\projet\backend\node_modules\router\lib\layer.js:152:17)
    at next (D:\projet\sodim\Angluar 18\OGC\projet\backend\node_modules\router\lib\route.js:157:13)
    at Route.dispatch (D:\projet\sodim\Angluar 18\OGC\projet\backend\node_modules\router\lib\route.js:117:3)
    at handle (D:\projet\sodim\Angluar 18\OGC\projet\backend\node_modules\router\index.js:435:11)
    at Layer.handleRequest (D:\projet\sodim\Angluar 18\OGC\projet\backend\node_modules\router\lib\layer.js:152:17)
    at D:\projet\sodim\Angluar 18\OGC\projet\backend\node_modules\router\index.js:295:15
    at processParams (D:\projet\sodim\Angluar 18\OGC\projet\backend\node_modules\router\index.js:582:12)
    at next (D:\projet\sodim\Angluar 18\OGC\projet\backend\node_modules\router\index.js:291:5)
    at Function.handle (D:\projet\sodim\Angluar 18\OGC\projet\backend\node_modules\router\index.js:186:3)
2025-10-17 10:18:03.567 [ERROR]: departementService is not defined
2025-10-17 10:18:03.568 [ERROR]: ReferenceError: departementService is not defined
    at getDepartementPaginated (D:\projet\sodim\Angluar 18\OGC\projet\backend\app\features\collaborateurs\collaborateurs.controller.js:29:19)
    at Layer.handleRequest (D:\projet\sodim\Angluar 18\OGC\projet\backend\node_modules\router\lib\layer.js:152:17)
    at next (D:\projet\sodim\Angluar 18\OGC\projet\backend\node_modules\router\lib\route.js:157:13)
    at Route.dispatch (D:\projet\sodim\Angluar 18\OGC\projet\backend\node_modules\router\lib\route.js:117:3)
    at handle (D:\projet\sodim\Angluar 18\OGC\projet\backend\node_modules\router\index.js:435:11)
    at Layer.handleRequest (D:\projet\sodim\Angluar 18\OGC\projet\backend\node_modules\router\lib\layer.js:152:17)
    at D:\projet\sodim\Angluar 18\OGC\projet\backend\node_modules\router\index.js:295:15
    at processParams (D:\projet\sodim\Angluar 18\OGC\projet\backend\node_modules\router\index.js:582:12)
    at next (D:\projet\sodim\Angluar 18\OGC\projet\backend\node_modules\router\index.js:291:5)
    at Function.handle (D:\projet\sodim\Angluar 18\OGC\projet\backend\node_modules\router\index.js:186:3)
2025-10-17 10:18:03.580 [ERROR]: CompteService is not defined
2025-10-17 10:18:03.581 [ERROR]: ReferenceError: CompteService is not defined
    at getComptePaginated (D:\projet\sodim\Angluar 18\OGC\projet\backend\app\features\collaborateurs\collaborateurs.controller.js:18:19)
    at Layer.handleRequest (D:\projet\sodim\Angluar 18\OGC\projet\backend\node_modules\router\lib\layer.js:152:17)
    at next (D:\projet\sodim\Angluar 18\OGC\projet\backend\node_modules\router\lib\route.js:157:13)
    at Route.dispatch (D:\projet\sodim\Angluar 18\OGC\projet\backend\node_modules\router\lib\route.js:117:3)
    at handle (D:\projet\sodim\Angluar 18\OGC\projet\backend\node_modules\router\index.js:435:11)
    at Layer.handleRequest (D:\projet\sodim\Angluar 18\OGC\projet\backend\node_modules\router\lib\layer.js:152:17)
    at D:\projet\sodim\Angluar 18\OGC\projet\backend\node_modules\router\index.js:295:15
    at processParams (D:\projet\sodim\Angluar 18\OGC\projet\backend\node_modules\router\index.js:582:12)
    at next (D:\projet\sodim\Angluar 18\OGC\projet\backend\node_modules\router\index.js:291:5)
    at Function.handle (D:\projet\sodim\Angluar 18\OGC\projet\backend\node_modules\router\index.js:186:3)
2025-10-17 10:18:03.590 [ERROR]: managerService is not defined
2025-10-17 10:18:03.590 [ERROR]: ReferenceError: managerService is not defined
    at getManagerPaginated (D:\projet\sodim\Angluar 18\OGC\projet\backend\app\features\collaborateurs\collaborateurs.controller.js:40:19)
    at Layer.handleRequest (D:\projet\sodim\Angluar 18\OGC\projet\backend\node_modules\router\lib\layer.js:152:17)
    at next (D:\projet\sodim\Angluar 18\OGC\projet\backend\node_modules\router\lib\route.js:157:13)
    at Route.dispatch (D:\projet\sodim\Angluar 18\OGC\projet\backend\node_modules\router\lib\route.js:117:3)
    at handle (D:\projet\sodim\Angluar 18\OGC\projet\backend\node_modules\router\index.js:435:11)
    at Layer.handleRequest (D:\projet\sodim\Angluar 18\OGC\projet\backend\node_modules\router\lib\layer.js:152:17)
    at D:\projet\sodim\Angluar 18\OGC\projet\backend\node_modules\router\index.js:295:15
    at processParams (D:\projet\sodim\Angluar 18\OGC\projet\backend\node_modules\router\index.js:582:12)
    at next (D:\projet\sodim\Angluar 18\OGC\projet\backend\node_modules\router\index.js:291:5)
    at Function.handle (D:\projet\sodim\Angluar 18\OGC\projet\backend\node_modules\router\index.js:186:3)
2025-10-17 10:18:03.604 [ERROR]: departementService is not defined
2025-10-17 10:18:03.605 [ERROR]: ReferenceError: departementService is not defined
    at getDepartementPaginated (D:\projet\sodim\Angluar 18\OGC\projet\backend\app\features\collaborateurs\collaborateurs.controller.js:29:19)
    at Layer.handleRequest (D:\projet\sodim\Angluar 18\OGC\projet\backend\node_modules\router\lib\layer.js:152:17)
    at next (D:\projet\sodim\Angluar 18\OGC\projet\backend\node_modules\router\lib\route.js:157:13)
    at Route.dispatch (D:\projet\sodim\Angluar 18\OGC\projet\backend\node_modules\router\lib\route.js:117:3)
    at handle (D:\projet\sodim\Angluar 18\OGC\projet\backend\node_modules\router\index.js:435:11)
    at Layer.handleRequest (D:\projet\sodim\Angluar 18\OGC\projet\backend\node_modules\router\lib\layer.js:152:17)
    at D:\projet\sodim\Angluar 18\OGC\projet\backend\node_modules\router\index.js:295:15
    at processParams (D:\projet\sodim\Angluar 18\OGC\projet\backend\node_modules\router\index.js:582:12)
    at next (D:\projet\sodim\Angluar 18\OGC\projet\backend\node_modules\router\index.js:291:5)
    at Function.handle (D:\projet\sodim\Angluar 18\OGC\projet\backend\node_modules\router\index.js:186:3)
2025-10-17 10:18:03.622 [ERROR]: managerService is not defined
2025-10-17 10:18:03.623 [ERROR]: ReferenceError: managerService is not defined
    at getManagerPaginated (D:\projet\sodim\Angluar 18\OGC\projet\backend\app\features\collaborateurs\collaborateurs.controller.js:40:19)
    at Layer.handleRequest (D:\projet\sodim\Angluar 18\OGC\projet\backend\node_modules\router\lib\layer.js:152:17)
    at next (D:\projet\sodim\Angluar 18\OGC\projet\backend\node_modules\router\lib\route.js:157:13)
    at Route.dispatch (D:\projet\sodim\Angluar 18\OGC\projet\backend\node_modules\router\lib\route.js:117:3)
    at handle (D:\projet\sodim\Angluar 18\OGC\projet\backend\node_modules\router\index.js:435:11)
    at Layer.handleRequest (D:\projet\sodim\Angluar 18\OGC\projet\backend\node_modules\router\lib\layer.js:152:17)
    at D:\projet\sodim\Angluar 18\OGC\projet\backend\node_modules\router\index.js:295:15
    at processParams (D:\projet\sodim\Angluar 18\OGC\projet\backend\node_modules\router\index.js:582:12)
    at next (D:\projet\sodim\Angluar 18\OGC\projet\backend\node_modules\router\index.js:291:5)
    at Function.handle (D:\projet\sodim\Angluar 18\OGC\projet\backend\node_modules\router\index.js:186:3)
2025-10-17 10:18:03.636 [ERROR]: managerService is not defined
2025-10-17 10:18:03.637 [ERROR]: ReferenceError: managerService is not defined
    at getManagerPaginated (D:\projet\sodim\Angluar 18\OGC\projet\backend\app\features\collaborateurs\collaborateurs.controller.js:40:19)
    at Layer.handleRequest (D:\projet\sodim\Angluar 18\OGC\projet\backend\node_modules\router\lib\layer.js:152:17)
    at next (D:\projet\sodim\Angluar 18\OGC\projet\backend\node_modules\router\lib\route.js:157:13)
    at Route.dispatch (D:\projet\sodim\Angluar 18\OGC\projet\backend\node_modules\router\lib\route.js:117:3)
    at handle (D:\projet\sodim\Angluar 18\OGC\projet\backend\node_modules\router\index.js:435:11)
    at Layer.handleRequest (D:\projet\sodim\Angluar 18\OGC\projet\backend\node_modules\router\lib\layer.js:152:17)
    at D:\projet\sodim\Angluar 18\OGC\projet\backend\node_modules\router\index.js:295:15
    at processParams (D:\projet\sodim\Angluar 18\OGC\projet\backend\node_modules\router\index.js:582:12)
    at next (D:\projet\sodim\Angluar 18\OGC\projet\backend\node_modules\router\index.js:291:5)
    at Function.handle (D:\projet\sodim\Angluar 18\OGC\projet\backend\node_modules\router\index.js:186:3)
2025-10-17 10:18:41.224 [ERROR]: departementService is not defined
2025-10-17 10:18:41.225 [ERROR]: ReferenceError: departementService is not defined
    at getDepartementPaginated (D:\projet\sodim\Angluar 18\OGC\projet\backend\app\features\collaborateurs\collaborateurs.controller.js:29:19)
    at Layer.handleRequest (D:\projet\sodim\Angluar 18\OGC\projet\backend\node_modules\router\lib\layer.js:152:17)
    at next (D:\projet\sodim\Angluar 18\OGC\projet\backend\node_modules\router\lib\route.js:157:13)
    at Route.dispatch (D:\projet\sodim\Angluar 18\OGC\projet\backend\node_modules\router\lib\route.js:117:3)
    at handle (D:\projet\sodim\Angluar 18\OGC\projet\backend\node_modules\router\index.js:435:11)
    at Layer.handleRequest (D:\projet\sodim\Angluar 18\OGC\projet\backend\node_modules\router\lib\layer.js:152:17)
    at D:\projet\sodim\Angluar 18\OGC\projet\backend\node_modules\router\index.js:295:15
    at processParams (D:\projet\sodim\Angluar 18\OGC\projet\backend\node_modules\router\index.js:582:12)
    at next (D:\projet\sodim\Angluar 18\OGC\projet\backend\node_modules\router\index.js:291:5)
    at Function.handle (D:\projet\sodim\Angluar 18\OGC\projet\backend\node_modules\router\index.js:186:3)
2025-10-17 10:18:41.245 [ERROR]: CompteService is not defined
2025-10-17 10:18:41.246 [ERROR]: ReferenceError: CompteService is not defined
    at getComptePaginated (D:\projet\sodim\Angluar 18\OGC\projet\backend\app\features\collaborateurs\collaborateurs.controller.js:18:19)
    at Layer.handleRequest (D:\projet\sodim\Angluar 18\OGC\projet\backend\node_modules\router\lib\layer.js:152:17)
    at next (D:\projet\sodim\Angluar 18\OGC\projet\backend\node_modules\router\lib\route.js:157:13)
    at Route.dispatch (D:\projet\sodim\Angluar 18\OGC\projet\backend\node_modules\router\lib\route.js:117:3)
    at handle (D:\projet\sodim\Angluar 18\OGC\projet\backend\node_modules\router\index.js:435:11)
    at Layer.handleRequest (D:\projet\sodim\Angluar 18\OGC\projet\backend\node_modules\router\lib\layer.js:152:17)
    at D:\projet\sodim\Angluar 18\OGC\projet\backend\node_modules\router\index.js:295:15
    at processParams (D:\projet\sodim\Angluar 18\OGC\projet\backend\node_modules\router\index.js:582:12)
    at next (D:\projet\sodim\Angluar 18\OGC\projet\backend\node_modules\router\index.js:291:5)
    at Function.handle (D:\projet\sodim\Angluar 18\OGC\projet\backend\node_modules\router\index.js:186:3)
2025-10-17 10:18:41.259 [ERROR]: managerService is not defined
2025-10-17 10:18:41.259 [ERROR]: ReferenceError: managerService is not defined
    at getManagerPaginated (D:\projet\sodim\Angluar 18\OGC\projet\backend\app\features\collaborateurs\collaborateurs.controller.js:40:19)
    at Layer.handleRequest (D:\projet\sodim\Angluar 18\OGC\projet\backend\node_modules\router\lib\layer.js:152:17)
    at next (D:\projet\sodim\Angluar 18\OGC\projet\backend\node_modules\router\lib\route.js:157:13)
    at Route.dispatch (D:\projet\sodim\Angluar 18\OGC\projet\backend\node_modules\router\lib\route.js:117:3)
    at handle (D:\projet\sodim\Angluar 18\OGC\projet\backend\node_modules\router\index.js:435:11)
    at Layer.handleRequest (D:\projet\sodim\Angluar 18\OGC\projet\backend\node_modules\router\lib\layer.js:152:17)
    at D:\projet\sodim\Angluar 18\OGC\projet\backend\node_modules\router\index.js:295:15
    at processParams (D:\projet\sodim\Angluar 18\OGC\projet\backend\node_modules\router\index.js:582:12)
    at next (D:\projet\sodim\Angluar 18\OGC\projet\backend\node_modules\router\index.js:291:5)
    at Function.handle (D:\projet\sodim\Angluar 18\OGC\projet\backend\node_modules\router\index.js:186:3)
2025-10-17 10:18:41.277 [ERROR]: departementService is not defined
2025-10-17 10:18:41.278 [ERROR]: ReferenceError: departementService is not defined
    at getDepartementPaginated (D:\projet\sodim\Angluar 18\OGC\projet\backend\app\features\collaborateurs\collaborateurs.controller.js:29:19)
    at Layer.handleRequest (D:\projet\sodim\Angluar 18\OGC\projet\backend\node_modules\router\lib\layer.js:152:17)
    at next (D:\projet\sodim\Angluar 18\OGC\projet\backend\node_modules\router\lib\route.js:157:13)
    at Route.dispatch (D:\projet\sodim\Angluar 18\OGC\projet\backend\node_modules\router\lib\route.js:117:3)
    at handle (D:\projet\sodim\Angluar 18\OGC\projet\backend\node_modules\router\index.js:435:11)
    at Layer.handleRequest (D:\projet\sodim\Angluar 18\OGC\projet\backend\node_modules\router\lib\layer.js:152:17)
    at D:\projet\sodim\Angluar 18\OGC\projet\backend\node_modules\router\index.js:295:15
    at processParams (D:\projet\sodim\Angluar 18\OGC\projet\backend\node_modules\router\index.js:582:12)
    at next (D:\projet\sodim\Angluar 18\OGC\projet\backend\node_modules\router\index.js:291:5)
    at Function.handle (D:\projet\sodim\Angluar 18\OGC\projet\backend\node_modules\router\index.js:186:3)
2025-10-17 10:18:41.292 [ERROR]: managerService is not defined
2025-10-17 10:18:41.293 [ERROR]: ReferenceError: managerService is not defined
    at getManagerPaginated (D:\projet\sodim\Angluar 18\OGC\projet\backend\app\features\collaborateurs\collaborateurs.controller.js:40:19)
    at Layer.handleRequest (D:\projet\sodim\Angluar 18\OGC\projet\backend\node_modules\router\lib\layer.js:152:17)
    at next (D:\projet\sodim\Angluar 18\OGC\projet\backend\node_modules\router\lib\route.js:157:13)
    at Route.dispatch (D:\projet\sodim\Angluar 18\OGC\projet\backend\node_modules\router\lib\route.js:117:3)
    at handle (D:\projet\sodim\Angluar 18\OGC\projet\backend\node_modules\router\index.js:435:11)
    at Layer.handleRequest (D:\projet\sodim\Angluar 18\OGC\projet\backend\node_modules\router\lib\layer.js:152:17)
    at D:\projet\sodim\Angluar 18\OGC\projet\backend\node_modules\router\index.js:295:15
    at processParams (D:\projet\sodim\Angluar 18\OGC\projet\backend\node_modules\router\index.js:582:12)
    at next (D:\projet\sodim\Angluar 18\OGC\projet\backend\node_modules\router\index.js:291:5)
    at Function.handle (D:\projet\sodim\Angluar 18\OGC\projet\backend\node_modules\router\index.js:186:3)
2025-10-17 10:18:46.292 [ERROR]: departementService is not defined
2025-10-17 10:18:46.293 [ERROR]: ReferenceError: departementService is not defined
    at getDepartementPaginated (D:\projet\sodim\Angluar 18\OGC\projet\backend\app\features\collaborateurs\collaborateurs.controller.js:29:19)
    at Layer.handleRequest (D:\projet\sodim\Angluar 18\OGC\projet\backend\node_modules\router\lib\layer.js:152:17)
    at next (D:\projet\sodim\Angluar 18\OGC\projet\backend\node_modules\router\lib\route.js:157:13)
    at Route.dispatch (D:\projet\sodim\Angluar 18\OGC\projet\backend\node_modules\router\lib\route.js:117:3)
    at handle (D:\projet\sodim\Angluar 18\OGC\projet\backend\node_modules\router\index.js:435:11)
    at Layer.handleRequest (D:\projet\sodim\Angluar 18\OGC\projet\backend\node_modules\router\lib\layer.js:152:17)
    at D:\projet\sodim\Angluar 18\OGC\projet\backend\node_modules\router\index.js:295:15
    at processParams (D:\projet\sodim\Angluar 18\OGC\projet\backend\node_modules\router\index.js:582:12)
    at next (D:\projet\sodim\Angluar 18\OGC\projet\backend\node_modules\router\index.js:291:5)
    at Function.handle (D:\projet\sodim\Angluar 18\OGC\projet\backend\node_modules\router\index.js:186:3)
2025-10-17 10:18:46.312 [ERROR]: departementService is not defined
2025-10-17 10:18:46.312 [ERROR]: ReferenceError: departementService is not defined
    at getDepartementPaginated (D:\projet\sodim\Angluar 18\OGC\projet\backend\app\features\collaborateurs\collaborateurs.controller.js:29:19)
    at Layer.handleRequest (D:\projet\sodim\Angluar 18\OGC\projet\backend\node_modules\router\lib\layer.js:152:17)
    at next (D:\projet\sodim\Angluar 18\OGC\projet\backend\node_modules\router\lib\route.js:157:13)
    at Route.dispatch (D:\projet\sodim\Angluar 18\OGC\projet\backend\node_modules\router\lib\route.js:117:3)
    at handle (D:\projet\sodim\Angluar 18\OGC\projet\backend\node_modules\router\index.js:435:11)
    at Layer.handleRequest (D:\projet\sodim\Angluar 18\OGC\projet\backend\node_modules\router\lib\layer.js:152:17)
    at D:\projet\sodim\Angluar 18\OGC\projet\backend\node_modules\router\index.js:295:15
    at processParams (D:\projet\sodim\Angluar 18\OGC\projet\backend\node_modules\router\index.js:582:12)
    at next (D:\projet\sodim\Angluar 18\OGC\projet\backend\node_modules\router\index.js:291:5)
    at Function.handle (D:\projet\sodim\Angluar 18\OGC\projet\backend\node_modules\router\index.js:186:3)
2025-10-17 10:19:01.178 [ERROR]: CompteService is not defined
2025-10-17 10:19:01.179 [ERROR]: ReferenceError: CompteService is not defined
    at getComptePaginated (D:\projet\sodim\Angluar 18\OGC\projet\backend\app\features\collaborateurs\collaborateurs.controller.js:18:19)
    at Layer.handleRequest (D:\projet\sodim\Angluar 18\OGC\projet\backend\node_modules\router\lib\layer.js:152:17)
    at next (D:\projet\sodim\Angluar 18\OGC\projet\backend\node_modules\router\lib\route.js:157:13)
    at Route.dispatch (D:\projet\sodim\Angluar 18\OGC\projet\backend\node_modules\router\lib\route.js:117:3)
    at handle (D:\projet\sodim\Angluar 18\OGC\projet\backend\node_modules\router\index.js:435:11)
    at Layer.handleRequest (D:\projet\sodim\Angluar 18\OGC\projet\backend\node_modules\router\lib\layer.js:152:17)
    at D:\projet\sodim\Angluar 18\OGC\projet\backend\node_modules\router\index.js:295:15
    at processParams (D:\projet\sodim\Angluar 18\OGC\projet\backend\node_modules\router\index.js:582:12)
    at next (D:\projet\sodim\Angluar 18\OGC\projet\backend\node_modules\router\index.js:291:5)
    at Function.handle (D:\projet\sodim\Angluar 18\OGC\projet\backend\node_modules\router\index.js:186:3)
2025-10-17 10:19:01.198 [ERROR]: CompteService is not defined
2025-10-17 10:19:01.199 [ERROR]: ReferenceError: CompteService is not defined
    at getComptePaginated (D:\projet\sodim\Angluar 18\OGC\projet\backend\app\features\collaborateurs\collaborateurs.controller.js:18:19)
    at Layer.handleRequest (D:\projet\sodim\Angluar 18\OGC\projet\backend\node_modules\router\lib\layer.js:152:17)
    at next (D:\projet\sodim\Angluar 18\OGC\projet\backend\node_modules\router\lib\route.js:157:13)
    at Route.dispatch (D:\projet\sodim\Angluar 18\OGC\projet\backend\node_modules\router\lib\route.js:117:3)
    at handle (D:\projet\sodim\Angluar 18\OGC\projet\backend\node_modules\router\index.js:435:11)
    at Layer.handleRequest (D:\projet\sodim\Angluar 18\OGC\projet\backend\node_modules\router\lib\layer.js:152:17)
    at D:\projet\sodim\Angluar 18\OGC\projet\backend\node_modules\router\index.js:295:15
    at processParams (D:\projet\sodim\Angluar 18\OGC\projet\backend\node_modules\router\index.js:582:12)
    at next (D:\projet\sodim\Angluar 18\OGC\projet\backend\node_modules\router\index.js:291:5)
    at Function.handle (D:\projet\sodim\Angluar 18\OGC\projet\backend\node_modules\router\index.js:186:3)
2025-10-17 10:19:07.229 [ERROR]: managerService is not defined
2025-10-17 10:19:07.230 [ERROR]: ReferenceError: managerService is not defined
    at getManagerPaginated (D:\projet\sodim\Angluar 18\OGC\projet\backend\app\features\collaborateurs\collaborateurs.controller.js:40:19)
    at Layer.handleRequest (D:\projet\sodim\Angluar 18\OGC\projet\backend\node_modules\router\lib\layer.js:152:17)
    at next (D:\projet\sodim\Angluar 18\OGC\projet\backend\node_modules\router\lib\route.js:157:13)
    at Route.dispatch (D:\projet\sodim\Angluar 18\OGC\projet\backend\node_modules\router\lib\route.js:117:3)
    at handle (D:\projet\sodim\Angluar 18\OGC\projet\backend\node_modules\router\index.js:435:11)
    at Layer.handleRequest (D:\projet\sodim\Angluar 18\OGC\projet\backend\node_modules\router\lib\layer.js:152:17)
    at D:\projet\sodim\Angluar 18\OGC\projet\backend\node_modules\router\index.js:295:15
    at processParams (D:\projet\sodim\Angluar 18\OGC\projet\backend\node_modules\router\index.js:582:12)
    at next (D:\projet\sodim\Angluar 18\OGC\projet\backend\node_modules\router\index.js:291:5)
    at Function.handle (D:\projet\sodim\Angluar 18\OGC\projet\backend\node_modules\router\index.js:186:3)
2025-10-17 10:19:07.250 [ERROR]: managerService is not defined
2025-10-17 10:19:07.251 [ERROR]: ReferenceError: managerService is not defined
    at getManagerPaginated (D:\projet\sodim\Angluar 18\OGC\projet\backend\app\features\collaborateurs\collaborateurs.controller.js:40:19)
    at Layer.handleRequest (D:\projet\sodim\Angluar 18\OGC\projet\backend\node_modules\router\lib\layer.js:152:17)
    at next (D:\projet\sodim\Angluar 18\OGC\projet\backend\node_modules\router\lib\route.js:157:13)
    at Route.dispatch (D:\projet\sodim\Angluar 18\OGC\projet\backend\node_modules\router\lib\route.js:117:3)
    at handle (D:\projet\sodim\Angluar 18\OGC\projet\backend\node_modules\router\index.js:435:11)
    at Layer.handleRequest (D:\projet\sodim\Angluar 18\OGC\projet\backend\node_modules\router\lib\layer.js:152:17)
    at D:\projet\sodim\Angluar 18\OGC\projet\backend\node_modules\router\index.js:295:15
    at processParams (D:\projet\sodim\Angluar 18\OGC\projet\backend\node_modules\router\index.js:582:12)
    at next (D:\projet\sodim\Angluar 18\OGC\projet\backend\node_modules\router\index.js:291:5)
    at Function.handle (D:\projet\sodim\Angluar 18\OGC\projet\backend\node_modules\router\index.js:186:3)
2025-10-17 10:19:11.853 [ERROR]: CompteService is not defined
2025-10-17 10:19:11.853 [ERROR]: ReferenceError: CompteService is not defined
    at getComptePaginated (D:\projet\sodim\Angluar 18\OGC\projet\backend\app\features\collaborateurs\collaborateurs.controller.js:18:19)
    at Layer.handleRequest (D:\projet\sodim\Angluar 18\OGC\projet\backend\node_modules\router\lib\layer.js:152:17)
    at next (D:\projet\sodim\Angluar 18\OGC\projet\backend\node_modules\router\lib\route.js:157:13)
    at Route.dispatch (D:\projet\sodim\Angluar 18\OGC\projet\backend\node_modules\router\lib\route.js:117:3)
    at handle (D:\projet\sodim\Angluar 18\OGC\projet\backend\node_modules\router\index.js:435:11)
    at Layer.handleRequest (D:\projet\sodim\Angluar 18\OGC\projet\backend\node_modules\router\lib\layer.js:152:17)
    at D:\projet\sodim\Angluar 18\OGC\projet\backend\node_modules\router\index.js:295:15
    at processParams (D:\projet\sodim\Angluar 18\OGC\projet\backend\node_modules\router\index.js:582:12)
    at next (D:\projet\sodim\Angluar 18\OGC\projet\backend\node_modules\router\index.js:291:5)
    at Function.handle (D:\projet\sodim\Angluar 18\OGC\projet\backend\node_modules\router\index.js:186:3)
2025-10-17 10:19:11.873 [ERROR]: CompteService is not defined
2025-10-17 10:19:11.873 [ERROR]: ReferenceError: CompteService is not defined
    at getComptePaginated (D:\projet\sodim\Angluar 18\OGC\projet\backend\app\features\collaborateurs\collaborateurs.controller.js:18:19)
    at Layer.handleRequest (D:\projet\sodim\Angluar 18\OGC\projet\backend\node_modules\router\lib\layer.js:152:17)
    at next (D:\projet\sodim\Angluar 18\OGC\projet\backend\node_modules\router\lib\route.js:157:13)
    at Route.dispatch (D:\projet\sodim\Angluar 18\OGC\projet\backend\node_modules\router\lib\route.js:117:3)
    at handle (D:\projet\sodim\Angluar 18\OGC\projet\backend\node_modules\router\index.js:435:11)
    at Layer.handleRequest (D:\projet\sodim\Angluar 18\OGC\projet\backend\node_modules\router\lib\layer.js:152:17)
    at D:\projet\sodim\Angluar 18\OGC\projet\backend\node_modules\router\index.js:295:15
    at processParams (D:\projet\sodim\Angluar 18\OGC\projet\backend\node_modules\router\index.js:582:12)
    at next (D:\projet\sodim\Angluar 18\OGC\projet\backend\node_modules\router\index.js:291:5)
    at Function.handle (D:\projet\sodim\Angluar 18\OGC\projet\backend\node_modules\router\index.js:186:3)
2025-10-17 10:19:18.274 [ERROR]: managerService is not defined
2025-10-17 10:19:18.275 [ERROR]: ReferenceError: managerService is not defined
    at getManagerPaginated (D:\projet\sodim\Angluar 18\OGC\projet\backend\app\features\collaborateurs\collaborateurs.controller.js:40:19)
    at Layer.handleRequest (D:\projet\sodim\Angluar 18\OGC\projet\backend\node_modules\router\lib\layer.js:152:17)
    at next (D:\projet\sodim\Angluar 18\OGC\projet\backend\node_modules\router\lib\route.js:157:13)
    at Route.dispatch (D:\projet\sodim\Angluar 18\OGC\projet\backend\node_modules\router\lib\route.js:117:3)
    at handle (D:\projet\sodim\Angluar 18\OGC\projet\backend\node_modules\router\index.js:435:11)
    at Layer.handleRequest (D:\projet\sodim\Angluar 18\OGC\projet\backend\node_modules\router\lib\layer.js:152:17)
    at D:\projet\sodim\Angluar 18\OGC\projet\backend\node_modules\router\index.js:295:15
    at processParams (D:\projet\sodim\Angluar 18\OGC\projet\backend\node_modules\router\index.js:582:12)
    at next (D:\projet\sodim\Angluar 18\OGC\projet\backend\node_modules\router\index.js:291:5)
    at Function.handle (D:\projet\sodim\Angluar 18\OGC\projet\backend\node_modules\router\index.js:186:3)
2025-10-17 10:19:18.295 [ERROR]: managerService is not defined
2025-10-17 10:19:18.296 [ERROR]: ReferenceError: managerService is not defined
    at getManagerPaginated (D:\projet\sodim\Angluar 18\OGC\projet\backend\app\features\collaborateurs\collaborateurs.controller.js:40:19)
    at Layer.handleRequest (D:\projet\sodim\Angluar 18\OGC\projet\backend\node_modules\router\lib\layer.js:152:17)
    at next (D:\projet\sodim\Angluar 18\OGC\projet\backend\node_modules\router\lib\route.js:157:13)
    at Route.dispatch (D:\projet\sodim\Angluar 18\OGC\projet\backend\node_modules\router\lib\route.js:117:3)
    at handle (D:\projet\sodim\Angluar 18\OGC\projet\backend\node_modules\router\index.js:435:11)
    at Layer.handleRequest (D:\projet\sodim\Angluar 18\OGC\projet\backend\node_modules\router\lib\layer.js:152:17)
    at D:\projet\sodim\Angluar 18\OGC\projet\backend\node_modules\router\index.js:295:15
    at processParams (D:\projet\sodim\Angluar 18\OGC\projet\backend\node_modules\router\index.js:582:12)
    at next (D:\projet\sodim\Angluar 18\OGC\projet\backend\node_modules\router\index.js:291:5)
    at Function.handle (D:\projet\sodim\Angluar 18\OGC\projet\backend\node_modules\router\index.js:186:3)
2025-10-17 13:36:54.912 [ERROR]: Cannot read properties of undefined (reading 'findAll')
2025-10-17 13:36:55.060 [ERROR]: TypeError: Cannot read properties of undefined (reading 'findAll')
    at BaseService.findAll (D:\projet\sodim\Angluar 18\OGC\projet\backend\app\features\base\CRUD\services\baseService.js:11:33)
    at BaseController.getAll (D:\projet\sodim\Angluar 18\OGC\projet\backend\app\features\base\CRUD\baseController.js:19:47)
    at D:\projet\sodim\Angluar 18\OGC\projet\backend\app\features\base\CRUD\baseRoute.js:25:50
    at Layer.handleRequest (D:\projet\sodim\Angluar 18\OGC\projet\backend\node_modules\router\lib\layer.js:152:17)
    at next (D:\projet\sodim\Angluar 18\OGC\projet\backend\node_modules\router\lib\route.js:157:13)
    at Route.dispatch (D:\projet\sodim\Angluar 18\OGC\projet\backend\node_modules\router\lib\route.js:117:3)
    at handle (D:\projet\sodim\Angluar 18\OGC\projet\backend\node_modules\router\index.js:435:11)
    at Layer.handleRequest (D:\projet\sodim\Angluar 18\OGC\projet\backend\node_modules\router\lib\layer.js:152:17)
    at D:\projet\sodim\Angluar 18\OGC\projet\backend\node_modules\router\index.js:295:15
    at processParams (D:\projet\sodim\Angluar 18\OGC\projet\backend\node_modules\router\index.js:582:12)
2025-10-17 13:36:55.081 [ERROR]: Cannot read properties of undefined (reading 'findAll')
2025-10-17 13:36:55.082 [ERROR]: TypeError: Cannot read properties of undefined (reading 'findAll')
    at BaseService.findAll (D:\projet\sodim\Angluar 18\OGC\projet\backend\app\features\base\CRUD\services\baseService.js:11:33)
    at BaseController.getAll (D:\projet\sodim\Angluar 18\OGC\projet\backend\app\features\base\CRUD\baseController.js:19:47)
    at D:\projet\sodim\Angluar 18\OGC\projet\backend\app\features\base\CRUD\baseRoute.js:25:50
    at Layer.handleRequest (D:\projet\sodim\Angluar 18\OGC\projet\backend\node_modules\router\lib\layer.js:152:17)
    at next (D:\projet\sodim\Angluar 18\OGC\projet\backend\node_modules\router\lib\route.js:157:13)
    at Route.dispatch (D:\projet\sodim\Angluar 18\OGC\projet\backend\node_modules\router\lib\route.js:117:3)
    at handle (D:\projet\sodim\Angluar 18\OGC\projet\backend\node_modules\router\index.js:435:11)
    at Layer.handleRequest (D:\projet\sodim\Angluar 18\OGC\projet\backend\node_modules\router\lib\layer.js:152:17)
    at D:\projet\sodim\Angluar 18\OGC\projet\backend\node_modules\router\index.js:295:15
    at processParams (D:\projet\sodim\Angluar 18\OGC\projet\backend\node_modules\router\index.js:582:12)
2025-10-17 13:48:35.906 [ERROR]: Cannot read properties of undefined (reading 'create')
2025-10-17 13:48:35.935 [ERROR]: TypeError: Cannot read properties of undefined (reading 'create')
    at BaseService.create (D:\projet\sodim\Angluar 18\OGC\projet\backend\app\features\base\CRUD\services\baseService.js:7:33)
    at BaseController.create (D:\projet\sodim\Angluar 18\OGC\projet\backend\app\features\base\CRUD\baseController.js:10:47)
    at D:\projet\sodim\Angluar 18\OGC\projet\backend\app\features\base\CRUD\baseRoute.js:24:51
    at Layer.handleRequest (D:\projet\sodim\Angluar 18\OGC\projet\backend\node_modules\router\lib\layer.js:152:17)
    at next (D:\projet\sodim\Angluar 18\OGC\projet\backend\node_modules\router\lib\route.js:157:13)
    at Route.dispatch (D:\projet\sodim\Angluar 18\OGC\projet\backend\node_modules\router\lib\route.js:117:3)
    at handle (D:\projet\sodim\Angluar 18\OGC\projet\backend\node_modules\router\index.js:435:11)
    at Layer.handleRequest (D:\projet\sodim\Angluar 18\OGC\projet\backend\node_modules\router\lib\layer.js:152:17)
    at D:\projet\sodim\Angluar 18\OGC\projet\backend\node_modules\router\index.js:295:15
    at processParams (D:\projet\sodim\Angluar 18\OGC\projet\backend\node_modules\router\index.js:582:12)
2025-10-17 13:57:50.560 [ERROR]: notNull Violation: status_conge.nom_status_conge cannot be null
2025-10-17 13:57:50.690 [ERROR]: SequelizeValidationError: notNull Violation: status_conge.nom_status_conge cannot be null
    at InstanceValidator._validate (D:\projet\sodim\Angluar 18\OGC\projet\backend\node_modules\sequelize\lib\instance-validator.js:50:13)
    at process.processTicksAndRejections (node:internal/process/task_queues:105:5)
    at async InstanceValidator._validateAndRunHooks (D:\projet\sodim\Angluar 18\OGC\projet\backend\node_modules\sequelize\lib\instance-validator.js:60:7)
    at async InstanceValidator.validate (D:\projet\sodim\Angluar 18\OGC\projet\backend\node_modules\sequelize\lib\instance-validator.js:54:12)
    at async model.save (D:\projet\sodim\Angluar 18\OGC\projet\backend\node_modules\sequelize\lib\model.js:2426:7)
    at async status_conge.create (D:\projet\sodim\Angluar 18\OGC\projet\backend\node_modules\sequelize\lib\model.js:1362:12)
    at async BaseService.create (D:\projet\sodim\Angluar 18\OGC\projet\backend\app\features\base\CRUD\services\baseService.js:7:16)
    at async BaseController.create (D:\projet\sodim\Angluar 18\OGC\projet\backend\app\features\base\CRUD\baseController.js:10:28)
2025-10-17 14:18:37.854 [ERROR]: notNull Violation: status_conge.nom_status_conge cannot be null
2025-10-17 14:18:37.877 [ERROR]: SequelizeValidationError: notNull Violation: status_conge.nom_status_conge cannot be null
    at InstanceValidator._validate (D:\projet\sodim\Angluar 18\OGC\projet\backend\node_modules\sequelize\lib\instance-validator.js:50:13)
    at process.processTicksAndRejections (node:internal/process/task_queues:105:5)
    at async InstanceValidator._validateAndRunHooks (D:\projet\sodim\Angluar 18\OGC\projet\backend\node_modules\sequelize\lib\instance-validator.js:60:7)
    at async InstanceValidator.validate (D:\projet\sodim\Angluar 18\OGC\projet\backend\node_modules\sequelize\lib\instance-validator.js:54:12)
    at async model.save (D:\projet\sodim\Angluar 18\OGC\projet\backend\node_modules\sequelize\lib\model.js:2426:7)
    at async status_conge.create (D:\projet\sodim\Angluar 18\OGC\projet\backend\node_modules\sequelize\lib\model.js:1362:12)
    at async BaseService.create (D:\projet\sodim\Angluar 18\OGC\projet\backend\app\features\base\CRUD\services\baseService.js:7:16)
    at async BaseController.create (D:\projet\sodim\Angluar 18\OGC\projet\backend\app\features\base\CRUD\baseController.js:10:28)
2025-10-17 14:18:44.096 [ERROR]: notNull Violation: status_conge.nom_status_conge cannot be null
2025-10-17 14:18:44.097 [ERROR]: SequelizeValidationError: notNull Violation: status_conge.nom_status_conge cannot be null
    at InstanceValidator._validate (D:\projet\sodim\Angluar 18\OGC\projet\backend\node_modules\sequelize\lib\instance-validator.js:50:13)
    at process.processTicksAndRejections (node:internal/process/task_queues:105:5)
    at async InstanceValidator._validateAndRunHooks (D:\projet\sodim\Angluar 18\OGC\projet\backend\node_modules\sequelize\lib\instance-validator.js:60:7)
    at async InstanceValidator.validate (D:\projet\sodim\Angluar 18\OGC\projet\backend\node_modules\sequelize\lib\instance-validator.js:54:12)
    at async model.save (D:\projet\sodim\Angluar 18\OGC\projet\backend\node_modules\sequelize\lib\model.js:2426:7)
    at async status_conge.create (D:\projet\sodim\Angluar 18\OGC\projet\backend\node_modules\sequelize\lib\model.js:1362:12)
    at async BaseService.create (D:\projet\sodim\Angluar 18\OGC\projet\backend\app\features\base\CRUD\services\baseService.js:7:16)
    at async BaseController.create (D:\projet\sodim\Angluar 18\OGC\projet\backend\app\features\base\CRUD\baseController.js:10:28)
2025-10-17 14:20:25.525 [ERROR]: notNull Violation: status_conge.nom_status_conge cannot be null
2025-10-17 14:20:25.526 [ERROR]: SequelizeValidationError: notNull Violation: status_conge.nom_status_conge cannot be null
    at InstanceValidator._validate (D:\projet\sodim\Angluar 18\OGC\projet\backend\node_modules\sequelize\lib\instance-validator.js:50:13)
    at process.processTicksAndRejections (node:internal/process/task_queues:105:5)
    at async InstanceValidator._validateAndRunHooks (D:\projet\sodim\Angluar 18\OGC\projet\backend\node_modules\sequelize\lib\instance-validator.js:60:7)
    at async InstanceValidator.validate (D:\projet\sodim\Angluar 18\OGC\projet\backend\node_modules\sequelize\lib\instance-validator.js:54:12)
    at async model.save (D:\projet\sodim\Angluar 18\OGC\projet\backend\node_modules\sequelize\lib\model.js:2426:7)
    at async status_conge.create (D:\projet\sodim\Angluar 18\OGC\projet\backend\node_modules\sequelize\lib\model.js:1362:12)
    at async BaseService.create (D:\projet\sodim\Angluar 18\OGC\projet\backend\app\features\base\CRUD\services\baseService.js:7:16)
    at async BaseController.create (D:\projet\sodim\Angluar 18\OGC\projet\backend\app\features\base\CRUD\baseController.js:10:28)
2025-10-17 14:20:49.629 [ERROR]: notNull Violation: status_conge.nom_status_conge cannot be null
2025-10-17 14:20:49.630 [ERROR]: SequelizeValidationError: notNull Violation: status_conge.nom_status_conge cannot be null
    at InstanceValidator._validate (D:\projet\sodim\Angluar 18\OGC\projet\backend\node_modules\sequelize\lib\instance-validator.js:50:13)
    at process.processTicksAndRejections (node:internal/process/task_queues:105:5)
    at async InstanceValidator._validateAndRunHooks (D:\projet\sodim\Angluar 18\OGC\projet\backend\node_modules\sequelize\lib\instance-validator.js:60:7)
    at async InstanceValidator.validate (D:\projet\sodim\Angluar 18\OGC\projet\backend\node_modules\sequelize\lib\instance-validator.js:54:12)
    at async model.save (D:\projet\sodim\Angluar 18\OGC\projet\backend\node_modules\sequelize\lib\model.js:2426:7)
    at async status_conge.create (D:\projet\sodim\Angluar 18\OGC\projet\backend\node_modules\sequelize\lib\model.js:1362:12)
    at async BaseService.create (D:\projet\sodim\Angluar 18\OGC\projet\backend\app\features\base\CRUD\services\baseService.js:7:16)
    at async BaseController.create (D:\projet\sodim\Angluar 18\OGC\projet\backend\app\features\base\CRUD\baseController.js:10:28)
2025-10-17 14:32:15.264 [ERROR]: notNull Violation: status_conge.nom_status_conge cannot be null
2025-10-17 14:32:15.319 [ERROR]: SequelizeValidationError: notNull Violation: status_conge.nom_status_conge cannot be null
    at InstanceValidator._validate (D:\projet\sodim\Angluar 18\OGC\projet\backend\node_modules\sequelize\lib\instance-validator.js:50:13)
    at process.processTicksAndRejections (node:internal/process/task_queues:105:5)
    at async InstanceValidator._validateAndRunHooks (D:\projet\sodim\Angluar 18\OGC\projet\backend\node_modules\sequelize\lib\instance-validator.js:60:7)
    at async InstanceValidator.validate (D:\projet\sodim\Angluar 18\OGC\projet\backend\node_modules\sequelize\lib\instance-validator.js:54:12)
    at async model.save (D:\projet\sodim\Angluar 18\OGC\projet\backend\node_modules\sequelize\lib\model.js:2426:7)
    at async status_conge.create (D:\projet\sodim\Angluar 18\OGC\projet\backend\node_modules\sequelize\lib\model.js:1362:12)
    at async BaseService.create (D:\projet\sodim\Angluar 18\OGC\projet\backend\app\features\base\CRUD\services\baseService.js:7:16)
    at async BaseController.create (D:\projet\sodim\Angluar 18\OGC\projet\backend\app\features\base\CRUD\baseController.js:10:28)
2025-10-17 14:37:31.003 [ERROR]: notNull Violation: status_conge.nom_status_conge cannot be null
2025-10-17 14:37:31.007 [ERROR]: SequelizeValidationError: notNull Violation: status_conge.nom_status_conge cannot be null
    at InstanceValidator._validate (D:\projet\sodim\Angluar 18\OGC\projet\backend\node_modules\sequelize\lib\instance-validator.js:50:13)
    at process.processTicksAndRejections (node:internal/process/task_queues:105:5)
    at async InstanceValidator._validateAndRunHooks (D:\projet\sodim\Angluar 18\OGC\projet\backend\node_modules\sequelize\lib\instance-validator.js:60:7)
    at async InstanceValidator.validate (D:\projet\sodim\Angluar 18\OGC\projet\backend\node_modules\sequelize\lib\instance-validator.js:54:12)
    at async model.save (D:\projet\sodim\Angluar 18\OGC\projet\backend\node_modules\sequelize\lib\model.js:2426:7)
    at async status_conge.create (D:\projet\sodim\Angluar 18\OGC\projet\backend\node_modules\sequelize\lib\model.js:1362:12)
    at async BaseService.create (D:\projet\sodim\Angluar 18\OGC\projet\backend\app\features\base\CRUD\services\baseService.js:7:16)
    at async BaseController.create (D:\projet\sodim\Angluar 18\OGC\projet\backend\app\features\base\CRUD\baseController.js:10:28)
2025-10-17 15:08:08.642 [ERROR]: Cannot read properties of undefined (reading 'findAll')
2025-10-17 15:08:08.653 [ERROR]: TypeError: Cannot read properties of undefined (reading 'findAll')
    at BaseService.findAll (D:\projet\sodim\Angluar 18\OGC\projet\backend\app\features\base\CRUD\services\baseService.js:11:33)
    at BaseController.getAll (D:\projet\sodim\Angluar 18\OGC\projet\backend\app\features\base\CRUD\baseController.js:19:47)
    at D:\projet\sodim\Angluar 18\OGC\projet\backend\app\features\base\CRUD\baseRoute.js:25:50
    at Layer.handleRequest (D:\projet\sodim\Angluar 18\OGC\projet\backend\node_modules\router\lib\layer.js:152:17)
    at next (D:\projet\sodim\Angluar 18\OGC\projet\backend\node_modules\router\lib\route.js:157:13)
    at Route.dispatch (D:\projet\sodim\Angluar 18\OGC\projet\backend\node_modules\router\lib\route.js:117:3)
    at handle (D:\projet\sodim\Angluar 18\OGC\projet\backend\node_modules\router\index.js:435:11)
    at Layer.handleRequest (D:\projet\sodim\Angluar 18\OGC\projet\backend\node_modules\router\lib\layer.js:152:17)
    at D:\projet\sodim\Angluar 18\OGC\projet\backend\node_modules\router\index.js:295:15
    at processParams (D:\projet\sodim\Angluar 18\OGC\projet\backend\node_modules\router\index.js:582:12)
2025-10-17 15:55:18.901 [ERROR]: Table 'ogc.collaborateurs' doesn't exist
2025-10-17 15:55:18.906 [ERROR]: Error
    at Query.run (D:\projet\sodim\Angluar 18\OGC\projet\backend\node_modules\sequelize\lib\dialects\mysql\query.js:52:25)
    at D:\projet\sodim\Angluar 18\OGC\projet\backend\node_modules\sequelize\lib\sequelize.js:315:28
    at process.processTicksAndRejections (node:internal/process/task_queues:105:5)
    at async MySQLQueryInterface.rawSelect (D:\projet\sodim\Angluar 18\OGC\projet\backend\node_modules\sequelize\lib\dialects\abstract\query-interface.js:434:18)
    at async collaborateurs.aggregate (D:\projet\sodim\Angluar 18\OGC\projet\backend\node_modules\sequelize\lib\model.js:1277:19)
    at async collaborateurs.count (D:\projet\sodim\Angluar 18\OGC\projet\backend\node_modules\sequelize\lib\model.js:1306:20)
    at async Promise.all (index 0)
    at async collaborateurs.findAndCountAll (D:\projet\sodim\Angluar 18\OGC\projet\backend\node_modules\sequelize\lib\model.js:1322:27)
    at async Object.getAllDetailCollabPagine (D:\projet\sodim\Angluar 18\OGC\projet\backend\app\features\rh\services\rh.service.js:18:13)
    at async getAllDetailCollabPagine (D:\projet\sodim\Angluar 18\OGC\projet\backend\app\features\rh\rh.controller.js:7:19)
2025-10-17 15:55:25.731 [ERROR]: Table 'ogc.collaborateurs' doesn't exist
2025-10-17 15:55:25.732 [ERROR]: Error
    at Query.run (D:\projet\sodim\Angluar 18\OGC\projet\backend\node_modules\sequelize\lib\dialects\mysql\query.js:52:25)
    at D:\projet\sodim\Angluar 18\OGC\projet\backend\node_modules\sequelize\lib\sequelize.js:315:28
    at process.processTicksAndRejections (node:internal/process/task_queues:105:5)
    at async MySQLQueryInterface.rawSelect (D:\projet\sodim\Angluar 18\OGC\projet\backend\node_modules\sequelize\lib\dialects\abstract\query-interface.js:434:18)
    at async collaborateurs.aggregate (D:\projet\sodim\Angluar 18\OGC\projet\backend\node_modules\sequelize\lib\model.js:1277:19)
    at async collaborateurs.count (D:\projet\sodim\Angluar 18\OGC\projet\backend\node_modules\sequelize\lib\model.js:1306:20)
    at async Promise.all (index 0)
    at async collaborateurs.findAndCountAll (D:\projet\sodim\Angluar 18\OGC\projet\backend\node_modules\sequelize\lib\model.js:1322:27)
    at async Object.getAllDetailCollabPagine (D:\projet\sodim\Angluar 18\OGC\projet\backend\app\features\rh\services\rh.service.js:18:13)
    at async getAllDetailCollabPagine (D:\projet\sodim\Angluar 18\OGC\projet\backend\app\features\rh\rh.controller.js:7:19)
2025-10-17 15:55:32.105 [ERROR]: Table 'ogc.collaborateurs' doesn't exist
2025-10-17 15:55:32.105 [ERROR]: Error
    at Query.run (D:\projet\sodim\Angluar 18\OGC\projet\backend\node_modules\sequelize\lib\dialects\mysql\query.js:52:25)
    at D:\projet\sodim\Angluar 18\OGC\projet\backend\node_modules\sequelize\lib\sequelize.js:315:28
    at process.processTicksAndRejections (node:internal/process/task_queues:105:5)
    at async MySQLQueryInterface.rawSelect (D:\projet\sodim\Angluar 18\OGC\projet\backend\node_modules\sequelize\lib\dialects\abstract\query-interface.js:434:18)
    at async collaborateurs.aggregate (D:\projet\sodim\Angluar 18\OGC\projet\backend\node_modules\sequelize\lib\model.js:1277:19)
    at async collaborateurs.count (D:\projet\sodim\Angluar 18\OGC\projet\backend\node_modules\sequelize\lib\model.js:1306:20)
    at async Promise.all (index 0)
    at async collaborateurs.findAndCountAll (D:\projet\sodim\Angluar 18\OGC\projet\backend\node_modules\sequelize\lib\model.js:1322:27)
    at async Object.getAllDetailCollabPagine (D:\projet\sodim\Angluar 18\OGC\projet\backend\app\features\rh\services\rh.service.js:18:13)
    at async getAllDetailCollabPagine (D:\projet\sodim\Angluar 18\OGC\projet\backend\app\features\rh\rh.controller.js:7:19)
2025-10-17 16:03:37.457 [ERROR]: Unknown column 'compte.id' in 'field list'
2025-10-17 16:03:37.462 [ERROR]: Error
    at Query.run (D:\projet\sodim\Angluar 18\OGC\projet\backend\node_modules\sequelize\lib\dialects\mysql\query.js:52:25)
    at D:\projet\sodim\Angluar 18\OGC\projet\backend\node_modules\sequelize\lib\sequelize.js:315:28
    at process.processTicksAndRejections (node:internal/process/task_queues:105:5)
    at async MySQLQueryInterface.select (D:\projet\sodim\Angluar 18\OGC\projet\backend\node_modules\sequelize\lib\dialects\abstract\query-interface.js:407:12)
    at async collaborateurs.findAll (D:\projet\sodim\Angluar 18\OGC\projet\backend\node_modules\sequelize\lib\model.js:1140:21)
    at async Promise.all (index 1)
    at async collaborateurs.findAndCountAll (D:\projet\sodim\Angluar 18\OGC\projet\backend\node_modules\sequelize\lib\model.js:1322:27)
    at async Object.getAllDetailCollabPagine (D:\projet\sodim\Angluar 18\OGC\projet\backend\app\features\rh\services\rh.service.js:18:13)
    at async getAllDetailCollabPagine (D:\projet\sodim\Angluar 18\OGC\projet\backend\app\features\rh\rh.controller.js:7:19)
2025-10-17 16:03:37.519 [ERROR]: Unknown column 'compte.id' in 'field list'
2025-10-17 16:03:37.520 [ERROR]: Error
    at Query.run (D:\projet\sodim\Angluar 18\OGC\projet\backend\node_modules\sequelize\lib\dialects\mysql\query.js:52:25)
    at D:\projet\sodim\Angluar 18\OGC\projet\backend\node_modules\sequelize\lib\sequelize.js:315:28
    at process.processTicksAndRejections (node:internal/process/task_queues:105:5)
    at async MySQLQueryInterface.select (D:\projet\sodim\Angluar 18\OGC\projet\backend\node_modules\sequelize\lib\dialects\abstract\query-interface.js:407:12)
    at async collaborateurs.findAll (D:\projet\sodim\Angluar 18\OGC\projet\backend\node_modules\sequelize\lib\model.js:1140:21)
    at async Promise.all (index 1)
    at async collaborateurs.findAndCountAll (D:\projet\sodim\Angluar 18\OGC\projet\backend\node_modules\sequelize\lib\model.js:1322:27)
    at async Object.getAllDetailCollabPagine (D:\projet\sodim\Angluar 18\OGC\projet\backend\app\features\rh\services\rh.service.js:18:13)
    at async getAllDetailCollabPagine (D:\projet\sodim\Angluar 18\OGC\projet\backend\app\features\rh\rh.controller.js:7:19)
2025-10-17 16:03:45.673 [ERROR]: Unknown column 'compte.id' in 'field list'
2025-10-17 16:03:45.673 [ERROR]: Error
    at Query.run (D:\projet\sodim\Angluar 18\OGC\projet\backend\node_modules\sequelize\lib\dialects\mysql\query.js:52:25)
    at D:\projet\sodim\Angluar 18\OGC\projet\backend\node_modules\sequelize\lib\sequelize.js:315:28
    at process.processTicksAndRejections (node:internal/process/task_queues:105:5)
    at async MySQLQueryInterface.select (D:\projet\sodim\Angluar 18\OGC\projet\backend\node_modules\sequelize\lib\dialects\abstract\query-interface.js:407:12)
    at async collaborateurs.findAll (D:\projet\sodim\Angluar 18\OGC\projet\backend\node_modules\sequelize\lib\model.js:1140:21)
    at async Promise.all (index 1)
    at async collaborateurs.findAndCountAll (D:\projet\sodim\Angluar 18\OGC\projet\backend\node_modules\sequelize\lib\model.js:1322:27)
    at async Object.getAllDetailCollabPagine (D:\projet\sodim\Angluar 18\OGC\projet\backend\app\features\rh\services\rh.service.js:18:13)
    at async getAllDetailCollabPagine (D:\projet\sodim\Angluar 18\OGC\projet\backend\app\features\rh\rh.controller.js:7:19)
2025-10-17 16:03:45.735 [ERROR]: Unknown column 'compte.id' in 'field list'
2025-10-17 16:03:45.735 [ERROR]: Error
    at Query.run (D:\projet\sodim\Angluar 18\OGC\projet\backend\node_modules\sequelize\lib\dialects\mysql\query.js:52:25)
    at D:\projet\sodim\Angluar 18\OGC\projet\backend\node_modules\sequelize\lib\sequelize.js:315:28
    at process.processTicksAndRejections (node:internal/process/task_queues:105:5)
    at async MySQLQueryInterface.select (D:\projet\sodim\Angluar 18\OGC\projet\backend\node_modules\sequelize\lib\dialects\abstract\query-interface.js:407:12)
    at async collaborateurs.findAll (D:\projet\sodim\Angluar 18\OGC\projet\backend\node_modules\sequelize\lib\model.js:1140:21)
    at async Promise.all (index 1)
    at async collaborateurs.findAndCountAll (D:\projet\sodim\Angluar 18\OGC\projet\backend\node_modules\sequelize\lib\model.js:1322:27)
    at async Object.getAllDetailCollabPagine (D:\projet\sodim\Angluar 18\OGC\projet\backend\app\features\rh\services\rh.service.js:18:13)
    at async getAllDetailCollabPagine (D:\projet\sodim\Angluar 18\OGC\projet\backend\app\features\rh\rh.controller.js:7:19)
2025-10-17 16:05:18.305 [ERROR]: Unknown column 'compte.id' in 'field list'
2025-10-17 16:05:18.307 [ERROR]: Error
    at Query.run (D:\projet\sodim\Angluar 18\OGC\projet\backend\node_modules\sequelize\lib\dialects\mysql\query.js:52:25)
    at D:\projet\sodim\Angluar 18\OGC\projet\backend\node_modules\sequelize\lib\sequelize.js:315:28
    at process.processTicksAndRejections (node:internal/process/task_queues:105:5)
    at async MySQLQueryInterface.select (D:\projet\sodim\Angluar 18\OGC\projet\backend\node_modules\sequelize\lib\dialects\abstract\query-interface.js:407:12)
    at async collaborateurs.findAll (D:\projet\sodim\Angluar 18\OGC\projet\backend\node_modules\sequelize\lib\model.js:1140:21)
    at async Promise.all (index 1)
    at async collaborateurs.findAndCountAll (D:\projet\sodim\Angluar 18\OGC\projet\backend\node_modules\sequelize\lib\model.js:1322:27)
    at async Object.getAllDetailCollabPagine (D:\projet\sodim\Angluar 18\OGC\projet\backend\app\features\rh\services\rh.service.js:18:13)
    at async getAllDetailCollabPagine (D:\projet\sodim\Angluar 18\OGC\projet\backend\app\features\rh\rh.controller.js:7:19)
2025-10-17 16:05:18.383 [ERROR]: Unknown column 'compte.id' in 'field list'
2025-10-17 16:05:18.384 [ERROR]: Error
    at Query.run (D:\projet\sodim\Angluar 18\OGC\projet\backend\node_modules\sequelize\lib\dialects\mysql\query.js:52:25)
    at D:\projet\sodim\Angluar 18\OGC\projet\backend\node_modules\sequelize\lib\sequelize.js:315:28
    at process.processTicksAndRejections (node:internal/process/task_queues:105:5)
    at async MySQLQueryInterface.select (D:\projet\sodim\Angluar 18\OGC\projet\backend\node_modules\sequelize\lib\dialects\abstract\query-interface.js:407:12)
    at async collaborateurs.findAll (D:\projet\sodim\Angluar 18\OGC\projet\backend\node_modules\sequelize\lib\model.js:1140:21)
    at async Promise.all (index 1)
    at async collaborateurs.findAndCountAll (D:\projet\sodim\Angluar 18\OGC\projet\backend\node_modules\sequelize\lib\model.js:1322:27)
    at async Object.getAllDetailCollabPagine (D:\projet\sodim\Angluar 18\OGC\projet\backend\app\features\rh\services\rh.service.js:18:13)
    at async getAllDetailCollabPagine (D:\projet\sodim\Angluar 18\OGC\projet\backend\app\features\rh\rh.controller.js:7:19)
2025-10-17 16:06:11.873 [ERROR]: Unknown column 'compte.id' in 'field list'
2025-10-17 16:06:11.874 [ERROR]: Error
    at Query.run (D:\projet\sodim\Angluar 18\OGC\projet\backend\node_modules\sequelize\lib\dialects\mysql\query.js:52:25)
    at D:\projet\sodim\Angluar 18\OGC\projet\backend\node_modules\sequelize\lib\sequelize.js:315:28
    at process.processTicksAndRejections (node:internal/process/task_queues:105:5)
    at async MySQLQueryInterface.select (D:\projet\sodim\Angluar 18\OGC\projet\backend\node_modules\sequelize\lib\dialects\abstract\query-interface.js:407:12)
    at async collaborateurs.findAll (D:\projet\sodim\Angluar 18\OGC\projet\backend\node_modules\sequelize\lib\model.js:1140:21)
    at async Promise.all (index 1)
    at async collaborateurs.findAndCountAll (D:\projet\sodim\Angluar 18\OGC\projet\backend\node_modules\sequelize\lib\model.js:1322:27)
    at async Object.getAllDetailCollabPagine (D:\projet\sodim\Angluar 18\OGC\projet\backend\app\features\rh\services\rh.service.js:18:13)
    at async getAllDetailCollabPagine (D:\projet\sodim\Angluar 18\OGC\projet\backend\app\features\rh\rh.controller.js:7:19)
2025-10-17 16:06:11.950 [ERROR]: Unknown column 'compte.id' in 'field list'
2025-10-17 16:06:11.951 [ERROR]: Error
    at Query.run (D:\projet\sodim\Angluar 18\OGC\projet\backend\node_modules\sequelize\lib\dialects\mysql\query.js:52:25)
    at D:\projet\sodim\Angluar 18\OGC\projet\backend\node_modules\sequelize\lib\sequelize.js:315:28
    at process.processTicksAndRejections (node:internal/process/task_queues:105:5)
    at async MySQLQueryInterface.select (D:\projet\sodim\Angluar 18\OGC\projet\backend\node_modules\sequelize\lib\dialects\abstract\query-interface.js:407:12)
    at async collaborateurs.findAll (D:\projet\sodim\Angluar 18\OGC\projet\backend\node_modules\sequelize\lib\model.js:1140:21)
    at async Promise.all (index 1)
    at async collaborateurs.findAndCountAll (D:\projet\sodim\Angluar 18\OGC\projet\backend\node_modules\sequelize\lib\model.js:1322:27)
    at async Object.getAllDetailCollabPagine (D:\projet\sodim\Angluar 18\OGC\projet\backend\app\features\rh\services\rh.service.js:18:13)
    at async getAllDetailCollabPagine (D:\projet\sodim\Angluar 18\OGC\projet\backend\app\features\rh\rh.controller.js:7:19)
2025-10-17 16:06:12.024 [ERROR]: Unknown column 'compte.id' in 'field list'
2025-10-17 16:06:12.025 [ERROR]: Error
    at Query.run (D:\projet\sodim\Angluar 18\OGC\projet\backend\node_modules\sequelize\lib\dialects\mysql\query.js:52:25)
    at D:\projet\sodim\Angluar 18\OGC\projet\backend\node_modules\sequelize\lib\sequelize.js:315:28
    at process.processTicksAndRejections (node:internal/process/task_queues:105:5)
    at async MySQLQueryInterface.select (D:\projet\sodim\Angluar 18\OGC\projet\backend\node_modules\sequelize\lib\dialects\abstract\query-interface.js:407:12)
    at async collaborateurs.findAll (D:\projet\sodim\Angluar 18\OGC\projet\backend\node_modules\sequelize\lib\model.js:1140:21)
    at async Promise.all (index 1)
    at async collaborateurs.findAndCountAll (D:\projet\sodim\Angluar 18\OGC\projet\backend\node_modules\sequelize\lib\model.js:1322:27)
    at async Object.getAllDetailCollabPagine (D:\projet\sodim\Angluar 18\OGC\projet\backend\app\features\rh\services\rh.service.js:18:13)
    at async getAllDetailCollabPagine (D:\projet\sodim\Angluar 18\OGC\projet\backend\app\features\rh\rh.controller.js:7:19)
2025-10-17 16:08:10.925 [ERROR]: Unknown column 'compte.id' in 'field list'
2025-10-17 16:08:10.977 [ERROR]: Error
    at Query.run (D:\projet\sodim\Angluar 18\OGC\projet\backend\node_modules\sequelize\lib\dialects\mysql\query.js:52:25)
    at D:\projet\sodim\Angluar 18\OGC\projet\backend\node_modules\sequelize\lib\sequelize.js:315:28
    at process.processTicksAndRejections (node:internal/process/task_queues:105:5)
    at async MySQLQueryInterface.select (D:\projet\sodim\Angluar 18\OGC\projet\backend\node_modules\sequelize\lib\dialects\abstract\query-interface.js:407:12)
    at async collaborateurs.findAll (D:\projet\sodim\Angluar 18\OGC\projet\backend\node_modules\sequelize\lib\model.js:1140:21)
    at async Promise.all (index 1)
    at async collaborateurs.findAndCountAll (D:\projet\sodim\Angluar 18\OGC\projet\backend\node_modules\sequelize\lib\model.js:1322:27)
    at async Object.getAllDetailCollabPagine (D:\projet\sodim\Angluar 18\OGC\projet\backend\app\features\rh\services\rh.service.js:18:13)
    at async getAllDetailCollabPagine (D:\projet\sodim\Angluar 18\OGC\projet\backend\app\features\rh\rh.controller.js:7:19)
2025-10-17 16:08:11.507 [ERROR]: Unknown column 'compte.id' in 'field list'
2025-10-17 16:08:11.507 [ERROR]: Error
    at Query.run (D:\projet\sodim\Angluar 18\OGC\projet\backend\node_modules\sequelize\lib\dialects\mysql\query.js:52:25)
    at D:\projet\sodim\Angluar 18\OGC\projet\backend\node_modules\sequelize\lib\sequelize.js:315:28
    at process.processTicksAndRejections (node:internal/process/task_queues:105:5)
    at async MySQLQueryInterface.select (D:\projet\sodim\Angluar 18\OGC\projet\backend\node_modules\sequelize\lib\dialects\abstract\query-interface.js:407:12)
    at async collaborateurs.findAll (D:\projet\sodim\Angluar 18\OGC\projet\backend\node_modules\sequelize\lib\model.js:1140:21)
    at async Promise.all (index 1)
    at async collaborateurs.findAndCountAll (D:\projet\sodim\Angluar 18\OGC\projet\backend\node_modules\sequelize\lib\model.js:1322:27)
    at async Object.getAllDetailCollabPagine (D:\projet\sodim\Angluar 18\OGC\projet\backend\app\features\rh\services\rh.service.js:18:13)
    at async getAllDetailCollabPagine (D:\projet\sodim\Angluar 18\OGC\projet\backend\app\features\rh\rh.controller.js:7:19)
2025-10-17 16:08:47.871 [ERROR]: Unknown column 'compte.id' in 'field list'
2025-10-17 16:08:47.876 [ERROR]: Error
    at Query.run (D:\projet\sodim\Angluar 18\OGC\projet\backend\node_modules\sequelize\lib\dialects\mysql\query.js:52:25)
    at D:\projet\sodim\Angluar 18\OGC\projet\backend\node_modules\sequelize\lib\sequelize.js:315:28
    at process.processTicksAndRejections (node:internal/process/task_queues:105:5)
    at async MySQLQueryInterface.select (D:\projet\sodim\Angluar 18\OGC\projet\backend\node_modules\sequelize\lib\dialects\abstract\query-interface.js:407:12)
    at async collaborateurs.findAll (D:\projet\sodim\Angluar 18\OGC\projet\backend\node_modules\sequelize\lib\model.js:1140:21)
    at async Promise.all (index 1)
    at async collaborateurs.findAndCountAll (D:\projet\sodim\Angluar 18\OGC\projet\backend\node_modules\sequelize\lib\model.js:1322:27)
    at async Object.getAllDetailCollabPagine (D:\projet\sodim\Angluar 18\OGC\projet\backend\app\features\rh\services\rh.service.js:18:13)
    at async getAllDetailCollabPagine (D:\projet\sodim\Angluar 18\OGC\projet\backend\app\features\rh\rh.controller.js:7:19)
2025-10-17 16:08:47.963 [ERROR]: Unknown column 'compte.id' in 'field list'
2025-10-17 16:08:47.964 [ERROR]: Error
    at Query.run (D:\projet\sodim\Angluar 18\OGC\projet\backend\node_modules\sequelize\lib\dialects\mysql\query.js:52:25)
    at D:\projet\sodim\Angluar 18\OGC\projet\backend\node_modules\sequelize\lib\sequelize.js:315:28
    at process.processTicksAndRejections (node:internal/process/task_queues:105:5)
    at async MySQLQueryInterface.select (D:\projet\sodim\Angluar 18\OGC\projet\backend\node_modules\sequelize\lib\dialects\abstract\query-interface.js:407:12)
    at async collaborateurs.findAll (D:\projet\sodim\Angluar 18\OGC\projet\backend\node_modules\sequelize\lib\model.js:1140:21)
    at async Promise.all (index 1)
    at async collaborateurs.findAndCountAll (D:\projet\sodim\Angluar 18\OGC\projet\backend\node_modules\sequelize\lib\model.js:1322:27)
    at async Object.getAllDetailCollabPagine (D:\projet\sodim\Angluar 18\OGC\projet\backend\app\features\rh\services\rh.service.js:18:13)
    at async getAllDetailCollabPagine (D:\projet\sodim\Angluar 18\OGC\projet\backend\app\features\rh\rh.controller.js:7:19)
2025-10-17 16:09:46.200 [ERROR]: Unknown column 'compte.id' in 'field list'
2025-10-17 16:09:46.201 [ERROR]: Error
    at Query.run (D:\projet\sodim\Angluar 18\OGC\projet\backend\node_modules\sequelize\lib\dialects\mysql\query.js:52:25)
    at D:\projet\sodim\Angluar 18\OGC\projet\backend\node_modules\sequelize\lib\sequelize.js:315:28
    at process.processTicksAndRejections (node:internal/process/task_queues:105:5)
    at async MySQLQueryInterface.select (D:\projet\sodim\Angluar 18\OGC\projet\backend\node_modules\sequelize\lib\dialects\abstract\query-interface.js:407:12)
    at async collaborateurs.findAll (D:\projet\sodim\Angluar 18\OGC\projet\backend\node_modules\sequelize\lib\model.js:1140:21)
    at async Promise.all (index 1)
    at async collaborateurs.findAndCountAll (D:\projet\sodim\Angluar 18\OGC\projet\backend\node_modules\sequelize\lib\model.js:1322:27)
    at async Object.getAllDetailCollabPagine (D:\projet\sodim\Angluar 18\OGC\projet\backend\app\features\rh\services\rh.service.js:18:13)
    at async getAllDetailCollabPagine (D:\projet\sodim\Angluar 18\OGC\projet\backend\app\features\rh\rh.controller.js:7:19)
2025-10-17 16:09:46.264 [ERROR]: Unknown column 'compte.id' in 'field list'
2025-10-17 16:09:46.264 [ERROR]: Error
    at Query.run (D:\projet\sodim\Angluar 18\OGC\projet\backend\node_modules\sequelize\lib\dialects\mysql\query.js:52:25)
    at D:\projet\sodim\Angluar 18\OGC\projet\backend\node_modules\sequelize\lib\sequelize.js:315:28
    at process.processTicksAndRejections (node:internal/process/task_queues:105:5)
    at async MySQLQueryInterface.select (D:\projet\sodim\Angluar 18\OGC\projet\backend\node_modules\sequelize\lib\dialects\abstract\query-interface.js:407:12)
    at async collaborateurs.findAll (D:\projet\sodim\Angluar 18\OGC\projet\backend\node_modules\sequelize\lib\model.js:1140:21)
    at async Promise.all (index 1)
    at async collaborateurs.findAndCountAll (D:\projet\sodim\Angluar 18\OGC\projet\backend\node_modules\sequelize\lib\model.js:1322:27)
    at async Object.getAllDetailCollabPagine (D:\projet\sodim\Angluar 18\OGC\projet\backend\app\features\rh\services\rh.service.js:18:13)
    at async getAllDetailCollabPagine (D:\projet\sodim\Angluar 18\OGC\projet\backend\app\features\rh\rh.controller.js:7:19)
